
*** Running vivado
    with args -log design_1_PWM_0_0.vds -m64 -product Vivado -mode batch -messageDb vivado.pb -notrace -source design_1_PWM_0_0.tcl


****** Vivado v2017.4 (64-bit)
  **** SW Build 2086221 on Fri Dec 15 20:55:39 MST 2017
  **** IP Build 2085800 on Fri Dec 15 22:25:07 MST 2017
    ** Copyright 1986-2017 Xilinx, Inc. All Rights Reserved.

source design_1_PWM_0_0.tcl -notrace
create_project: Time (s): cpu = 00:00:02 ; elapsed = 00:00:06 . Memory (MB): peak = 278.457 ; gain = 52.813
Command: synth_design -top design_1_PWM_0_0 -part xc7a100tcsg324-1 -mode out_of_context
Starting synth_design
Attempting to get a license for feature 'Synthesis' and/or device 'xc7a100t'
INFO: [Common 17-349] Got license for feature 'Synthesis' and/or device 'xc7a100t'
INFO: Launching helper process for spawning children vivado processes
INFO: Helper process launched with PID 6832 
---------------------------------------------------------------------------------
Starting RTL Elaboration : Time (s): cpu = 00:00:15 ; elapsed = 00:00:19 . Memory (MB): peak = 431.547 ; gain = 100.402
---------------------------------------------------------------------------------
INFO: [Synth 8-638] synthesizing module 'design_1_PWM_0_0' [d:/ECE532/full/light_detector_system/light_detector_system/light_detector_system.srcs/sources_1/bd/design_1/ip/design_1_PWM_0_0/synth/design_1_PWM_0_0.sv:56]
INFO: [Synth 8-638] synthesizing module 'PWM_v2_0' [d:/ECE532/full/light_detector_system/light_detector_system/light_detector_system.srcs/sources_1/bd/design_1/ipshared/43fd/hdl/PWM_v2_0.sv:4]
	Parameter NUM_PWM bound to: 1 - type: integer 
	Parameter POLARITY bound to: 1'b1 
	Parameter C_PWM_AXI_DATA_WIDTH bound to: 32 - type: integer 
	Parameter C_PWM_AXI_ADDR_WIDTH bound to: 7 - type: integer 
INFO: [Synth 8-638] synthesizing module 'PWM_AXI' [d:/ECE532/full/light_detector_system/light_detector_system/light_detector_system.srcs/sources_1/bd/design_1/ipshared/43fd/hdl/PWM_AXI.sv:4]
	Parameter NUM_PWM bound to: 1 - type: integer 
	Parameter C_S_AXI_DATA_WIDTH bound to: 32 - type: integer 
	Parameter C_S_AXI_ADDR_WIDTH bound to: 7 - type: integer 
	Parameter ADDR_LSB bound to: 2 - type: integer 
	Parameter OPT_MEM_ADDR_BITS bound to: 4 - type: integer 
INFO: [Synth 8-256] done synthesizing module 'PWM_AXI' (1#1) [d:/ECE532/full/light_detector_system/light_detector_system/light_detector_system.srcs/sources_1/bd/design_1/ipshared/43fd/hdl/PWM_AXI.sv:4]
INFO: [Synth 8-256] done synthesizing module 'PWM_v2_0' (2#1) [d:/ECE532/full/light_detector_system/light_detector_system/light_detector_system.srcs/sources_1/bd/design_1/ipshared/43fd/hdl/PWM_v2_0.sv:4]
INFO: [Synth 8-256] done synthesizing module 'design_1_PWM_0_0' (3#1) [d:/ECE532/full/light_detector_system/light_detector_system/light_detector_system.srcs/sources_1/bd/design_1/ip/design_1_PWM_0_0/synth/design_1_PWM_0_0.sv:56]
WARNING: [Synth 8-3331] design PWM_AXI has unconnected port S_AXI_AWPROT[2]
WARNING: [Synth 8-3331] design PWM_AXI has unconnected port S_AXI_AWPROT[1]
WARNING: [Synth 8-3331] design PWM_AXI has unconnected port S_AXI_AWPROT[0]
WARNING: [Synth 8-3331] design PWM_AXI has unconnected port S_AXI_ARPROT[2]
WARNING: [Synth 8-3331] design PWM_AXI has unconnected port S_AXI_ARPROT[1]
WARNING: [Synth 8-3331] design PWM_AXI has unconnected port S_AXI_ARPROT[0]
---------------------------------------------------------------------------------
Finished RTL Elaboration : Time (s): cpu = 00:00:18 ; elapsed = 00:00:23 . Memory (MB): peak = 484.098 ; gain = 152.953
---------------------------------------------------------------------------------

Report Check Netlist: 
+------+------------------+-------+---------+-------+------------------+
|      |Item              |Errors |Warnings |Status |Description       |
+------+------------------+-------+---------+-------+------------------+
|1     |multi_driven_nets |      0|        0|Passed |Multi driven nets |
+------+------------------+-------+---------+-------+------------------+
---------------------------------------------------------------------------------
Finished RTL Optimization Phase 1 : Time (s): cpu = 00:00:18 ; elapsed = 00:00:24 . Memory (MB): peak = 484.098 ; gain = 152.953
---------------------------------------------------------------------------------
INFO: [Device 21-403] Loading part xc7a100tcsg324-1
INFO: [Project 1-570] Preparing netlist for logic optimization

Processing XDC Constraints
Initializing timing engine
Completed Processing XDC Constraints

INFO: [Project 1-111] Unisim Transformation Summary:
No Unisim elements were transformed.

Constraint Validation Runtime : Time (s): cpu = 00:00:00 ; elapsed = 00:00:00.624 . Memory (MB): peak = 816.563 ; gain = 0.000
---------------------------------------------------------------------------------
Finished Constraint Validation : Time (s): cpu = 00:00:47 ; elapsed = 00:01:09 . Memory (MB): peak = 816.563 ; gain = 485.418
---------------------------------------------------------------------------------
---------------------------------------------------------------------------------
Start Loading Part and Timing Information
---------------------------------------------------------------------------------
Loading part: xc7a100tcsg324-1
---------------------------------------------------------------------------------
Finished Loading Part and Timing Information : Time (s): cpu = 00:00:47 ; elapsed = 00:01:09 . Memory (MB): peak = 816.563 ; gain = 485.418
---------------------------------------------------------------------------------
---------------------------------------------------------------------------------
Start Applying 'set_property' XDC Constraints
---------------------------------------------------------------------------------
---------------------------------------------------------------------------------
Finished applying 'set_property' XDC Constraints : Time (s): cpu = 00:00:47 ; elapsed = 00:01:09 . Memory (MB): peak = 816.563 ; gain = 485.418
---------------------------------------------------------------------------------
WARNING: [Synth 8-6014] Unused sequential element count_reg was removed.  [d:/ECE532/full/light_detector_system/light_detector_system/light_detector_system.srcs/sources_1/bd/design_1/ipshared/43fd/hdl/PWM_v2_0.sv:101]
WARNING: [Synth 8-327] inferring latch for variable 'reg_data_out_reg' [d:/ECE532/full/light_detector_system/light_detector_system/light_detector_system.srcs/sources_1/bd/design_1/ipshared/43fd/hdl/PWM_AXI.sv:388]
---------------------------------------------------------------------------------
Finished RTL Optimization Phase 2 : Time (s): cpu = 00:00:47 ; elapsed = 00:01:10 . Memory (MB): peak = 816.563 ; gain = 485.418
---------------------------------------------------------------------------------

Report RTL Partitions: 
+-+--------------+------------+----------+
| |RTL Partition |Replication |Instances |
+-+--------------+------------+----------+
+-+--------------+------------+----------+
---------------------------------------------------------------------------------
Start RTL Component Statistics 
---------------------------------------------------------------------------------
Detailed RTL Component Info : 
+---Registers : 
	               32 Bit    Registers := 7     
	                7 Bit    Registers := 2     
	                2 Bit    Registers := 2     
	                1 Bit    Registers := 6     
+---Muxes : 
	   2 Input     32 Bit        Muxes := 6     
	   5 Input     32 Bit        Muxes := 4     
	   2 Input      1 Bit        Muxes := 6     
---------------------------------------------------------------------------------
Finished RTL Component Statistics 
---------------------------------------------------------------------------------
---------------------------------------------------------------------------------
Start RTL Hierarchical Component Statistics 
---------------------------------------------------------------------------------
Hierarchical RTL Component report 
Module PWM_AXI 
Detailed RTL Component Info : 
+---Registers : 
	               32 Bit    Registers := 5     
	                7 Bit    Registers := 2     
	                2 Bit    Registers := 2     
	                1 Bit    Registers := 5     
+---Muxes : 
	   2 Input     32 Bit        Muxes := 6     
	   5 Input     32 Bit        Muxes := 4     
	   2 Input      1 Bit        Muxes := 4     
Module PWM_v2_0 
Detailed RTL Component Info : 
+---Registers : 
	               32 Bit    Registers := 2     
	                1 Bit    Registers := 1     
+---Muxes : 
	   2 Input      1 Bit        Muxes := 2     
---------------------------------------------------------------------------------
Finished RTL Hierarchical Component Statistics
---------------------------------------------------------------------------------
---------------------------------------------------------------------------------
Start Part Resource Summary
---------------------------------------------------------------------------------
Part Resources:
DSPs: 240 (col length:80)
BRAMs: 270 (col length: RAMB18 80 RAMB36 40)
---------------------------------------------------------------------------------
Finished Part Resource Summary
---------------------------------------------------------------------------------
---------------------------------------------------------------------------------
Start Cross Boundary and Area Optimization
---------------------------------------------------------------------------------
WARNING: [Synth 8-6014] Unused sequential element inst/count_reg was removed.  [d:/ECE532/full/light_detector_system/light_detector_system/light_detector_system.srcs/sources_1/bd/design_1/ipshared/43fd/hdl/PWM_v2_0.sv:101]
WARNING: [Synth 8-3331] design design_1_PWM_0_0 has unconnected port pwm_axi_awprot[2]
WARNING: [Synth 8-3331] design design_1_PWM_0_0 has unconnected port pwm_axi_awprot[1]
WARNING: [Synth 8-3331] design design_1_PWM_0_0 has unconnected port pwm_axi_awprot[0]
WARNING: [Synth 8-3331] design design_1_PWM_0_0 has unconnected port pwm_axi_arprot[2]
WARNING: [Synth 8-3331] design design_1_PWM_0_0 has unconnected port pwm_axi_arprot[1]
WARNING: [Synth 8-3331] design design_1_PWM_0_0 has unconnected port pwm_axi_arprot[0]
INFO: [Synth 8-3886] merging instance 'inst/PWM_AXI_inst/axi_rresp_reg[0]' (FDRE) to 'inst/PWM_AXI_inst/axi_rresp_reg[1]'
INFO: [Synth 8-3333] propagating constant 0 across sequential element (\inst/PWM_AXI_inst/axi_rresp_reg[1] )
INFO: [Synth 8-3886] merging instance 'inst/PWM_AXI_inst/axi_bresp_reg[0]' (FDRE) to 'inst/PWM_AXI_inst/axi_bresp_reg[1]'
INFO: [Synth 8-3333] propagating constant 0 across sequential element (\inst/PWM_AXI_inst/axi_bresp_reg[1] )
INFO: [Synth 8-3332] Sequential element (inst/PWM_AXI_inst/reg_data_out_reg[31]) is unused and will be removed from module design_1_PWM_0_0.
INFO: [Synth 8-3332] Sequential element (inst/PWM_AXI_inst/reg_data_out_reg[30]) is unused and will be removed from module design_1_PWM_0_0.
INFO: [Synth 8-3332] Sequential element (inst/PWM_AXI_inst/reg_data_out_reg[29]) is unused and will be removed from module design_1_PWM_0_0.
INFO: [Synth 8-3332] Sequential element (inst/PWM_AXI_inst/reg_data_out_reg[28]) is unused and will be removed from module design_1_PWM_0_0.
INFO: [Synth 8-3332] Sequential element (inst/PWM_AXI_inst/reg_data_out_reg[27]) is unused and will be removed from module design_1_PWM_0_0.
INFO: [Synth 8-3332] Sequential element (inst/PWM_AXI_inst/reg_data_out_reg[26]) is unused and will be removed from module design_1_PWM_0_0.
INFO: [Synth 8-3332] Sequential element (inst/PWM_AXI_inst/reg_data_out_reg[25]) is unused and will be removed from module design_1_PWM_0_0.
INFO: [Synth 8-3332] Sequential element (inst/PWM_AXI_inst/reg_data_out_reg[24]) is unused and will be removed from module design_1_PWM_0_0.
INFO: [Synth 8-3332] Sequential element (inst/PWM_AXI_inst/reg_data_out_reg[23]) is unused and will be removed from module design_1_PWM_0_0.
INFO: [Synth 8-3332] Sequential element (inst/PWM_AXI_inst/reg_data_out_reg[22]) is unused and will be removed from module design_1_PWM_0_0.
INFO: [Synth 8-3332] Sequential element (inst/PWM_AXI_inst/reg_data_out_reg[21]) is unused and will be removed from module design_1_PWM_0_0.
INFO: [Synth 8-3332] Sequential element (inst/PWM_AXI_inst/reg_data_out_reg[20]) is unused and will be removed from module design_1_PWM_0_0.
INFO: [Synth 8-3332] Sequential element (inst/PWM_AXI_inst/reg_data_out_reg[19]) is unused and will be removed from module design_1_PWM_0_0.
INFO: [Synth 8-3332] Sequential element (inst/PWM_AXI_inst/reg_data_out_reg[18]) is unused and will be removed from module design_1_PWM_0_0.
INFO: [Synth 8-3332] Sequential element (inst/PWM_AXI_inst/reg_data_out_reg[17]) is unused and will be removed from module design_1_PWM_0_0.
INFO: [Synth 8-3332] Sequential element (inst/PWM_AXI_inst/reg_data_out_reg[16]) is unused and will be removed from module design_1_PWM_0_0.
INFO: [Synth 8-3332] Sequential element (inst/PWM_AXI_inst/reg_data_out_reg[15]) is unused and will be removed from module design_1_PWM_0_0.
INFO: [Synth 8-3332] Sequential element (inst/PWM_AXI_inst/reg_data_out_reg[14]) is unused and will be removed from module design_1_PWM_0_0.
INFO: [Synth 8-3332] Sequential element (inst/PWM_AXI_inst/reg_data_out_reg[13]) is unused and will be removed from module design_1_PWM_0_0.
INFO: [Synth 8-3332] Sequential element (inst/PWM_AXI_inst/reg_data_out_reg[12]) is unused and will be removed from module design_1_PWM_0_0.
INFO: [Synth 8-3332] Sequential element (inst/PWM_AXI_inst/reg_data_out_reg[11]) is unused and will be removed from module design_1_PWM_0_0.
INFO: [Synth 8-3332] Sequential element (inst/PWM_AXI_inst/reg_data_out_reg[10]) is unused and will be removed from module design_1_PWM_0_0.
INFO: [Synth 8-3332] Sequential element (inst/PWM_AXI_inst/reg_data_out_reg[9]) is unused and will be removed from module design_1_PWM_0_0.
INFO: [Synth 8-3332] Sequential element (inst/PWM_AXI_inst/reg_data_out_reg[8]) is unused and will be removed from module design_1_PWM_0_0.
INFO: [Synth 8-3332] Sequential element (inst/PWM_AXI_inst/reg_data_out_reg[7]) is unused and will be removed from module design_1_PWM_0_0.
INFO: [Synth 8-3332] Sequential element (inst/PWM_AXI_inst/reg_data_out_reg[6]) is unused and will be removed from module design_1_PWM_0_0.
INFO: [Synth 8-3332] Sequential element (inst/PWM_AXI_inst/reg_data_out_reg[5]) is unused and will be removed from module design_1_PWM_0_0.
INFO: [Synth 8-3332] Sequential element (inst/PWM_AXI_inst/reg_data_out_reg[4]) is unused and will be removed from module design_1_PWM_0_0.
INFO: [Synth 8-3332] Sequential element (inst/PWM_AXI_inst/reg_data_out_reg[3]) is unused and will be removed from module design_1_PWM_0_0.
INFO: [Synth 8-3332] Sequential element (inst/PWM_AXI_inst/reg_data_out_reg[2]) is unused and will be removed from module design_1_PWM_0_0.
INFO: [Synth 8-3332] Sequential element (inst/PWM_AXI_inst/reg_data_out_reg[1]) is unused and will be removed from module design_1_PWM_0_0.
INFO: [Synth 8-3332] Sequential element (inst/PWM_AXI_inst/reg_data_out_reg[0]) is unused and will be removed from module design_1_PWM_0_0.
INFO: [Synth 8-3332] Sequential element (inst/PWM_AXI_inst/axi_bresp_reg[1]) is unused and will be removed from module design_1_PWM_0_0.
INFO: [Synth 8-3332] Sequential element (inst/PWM_AXI_inst/axi_rresp_reg[1]) is unused and will be removed from module design_1_PWM_0_0.
INFO: [Synth 8-3332] Sequential element (inst/PWM_AXI_inst/axi_awaddr_reg[1]) is unused and will be removed from module design_1_PWM_0_0.
INFO: [Synth 8-3332] Sequential element (inst/PWM_AXI_inst/axi_awaddr_reg[0]) is unused and will be removed from module design_1_PWM_0_0.
INFO: [Synth 8-3332] Sequential element (inst/PWM_AXI_inst/axi_araddr_reg[1]) is unused and will be removed from module design_1_PWM_0_0.
INFO: [Synth 8-3332] Sequential element (inst/PWM_AXI_inst/axi_araddr_reg[0]) is unused and will be removed from module design_1_PWM_0_0.
---------------------------------------------------------------------------------
Finished Cross Boundary and Area Optimization : Time (s): cpu = 00:00:50 ; elapsed = 00:01:14 . Memory (MB): peak = 816.563 ; gain = 485.418
---------------------------------------------------------------------------------

Report RTL Partitions: 
+-+--------------+------------+----------+
| |RTL Partition |Replication |Instances |
+-+--------------+------------+----------+
+-+--------------+------------+----------+
---------------------------------------------------------------------------------
Start Applying XDC Timing Constraints
---------------------------------------------------------------------------------
---------------------------------------------------------------------------------
Finished Applying XDC Timing Constraints : Time (s): cpu = 00:01:13 ; elapsed = 00:01:40 . Memory (MB): peak = 820.301 ; gain = 489.156
---------------------------------------------------------------------------------
---------------------------------------------------------------------------------
Start Timing Optimization
---------------------------------------------------------------------------------
---------------------------------------------------------------------------------
Finished Timing Optimization : Time (s): cpu = 00:01:13 ; elapsed = 00:01:40 . Memory (MB): peak = 820.598 ; gain = 489.453
---------------------------------------------------------------------------------

Report RTL Partitions: 
+-+--------------+------------+----------+
| |RTL Partition |Replication |Instances |
+-+--------------+------------+----------+
+-+--------------+------------+----------+
---------------------------------------------------------------------------------
Start Technology Mapping
---------------------------------------------------------------------------------
---------------------------------------------------------------------------------
Finished Technology Mapping : Time (s): cpu = 00:01:13 ; elapsed = 00:01:41 . Memory (MB): peak = 841.785 ; gain = 510.641
---------------------------------------------------------------------------------

Report RTL Partitions: 
+-+--------------+------------+----------+
| |RTL Partition |Replication |Instances |
+-+--------------+------------+----------+
+-+--------------+------------+----------+
---------------------------------------------------------------------------------
Start IO Insertion
---------------------------------------------------------------------------------
---------------------------------------------------------------------------------
Start Flattening Before IO Insertion
---------------------------------------------------------------------------------
---------------------------------------------------------------------------------
Finished Flattening Before IO Insertion
---------------------------------------------------------------------------------
---------------------------------------------------------------------------------
Start Final Netlist Cleanup
---------------------------------------------------------------------------------
---------------------------------------------------------------------------------
Finished Final Netlist Cleanup
---------------------------------------------------------------------------------
---------------------------------------------------------------------------------
Finished IO Insertion : Time (s): cpu = 00:01:16 ; elapsed = 00:01:44 . Memory (MB): peak = 841.785 ; gain = 510.641
---------------------------------------------------------------------------------

Report Check Netlist: 
+------+------------------+-------+---------+-------+------------------+
|      |Item              |Errors |Warnings |Status |Description       |
+------+------------------+-------+---------+-------+------------------+
|1     |multi_driven_nets |      0|        0|Passed |Multi driven nets |
+------+------------------+-------+---------+-------+------------------+
---------------------------------------------------------------------------------
Start Renaming Generated Instances
---------------------------------------------------------------------------------
---------------------------------------------------------------------------------
Finished Renaming Generated Instances : Time (s): cpu = 00:01:16 ; elapsed = 00:01:44 . Memory (MB): peak = 841.785 ; gain = 510.641
---------------------------------------------------------------------------------

Report RTL Partitions: 
+-+--------------+------------+----------+
| |RTL Partition |Replication |Instances |
+-+--------------+------------+----------+
+-+--------------+------------+----------+
---------------------------------------------------------------------------------
Start Rebuilding User Hierarchy
---------------------------------------------------------------------------------
---------------------------------------------------------------------------------
Finished Rebuilding User Hierarchy : Time (s): cpu = 00:01:16 ; elapsed = 00:01:44 . Memory (MB): peak = 841.785 ; gain = 510.641
---------------------------------------------------------------------------------
---------------------------------------------------------------------------------
Start Renaming Generated Ports
---------------------------------------------------------------------------------
---------------------------------------------------------------------------------
Finished Renaming Generated Ports : Time (s): cpu = 00:01:16 ; elapsed = 00:01:44 . Memory (MB): peak = 841.785 ; gain = 510.641
---------------------------------------------------------------------------------
---------------------------------------------------------------------------------
Start Handling Custom Attributes
---------------------------------------------------------------------------------
---------------------------------------------------------------------------------
Finished Handling Custom Attributes : Time (s): cpu = 00:01:16 ; elapsed = 00:01:44 . Memory (MB): peak = 841.785 ; gain = 510.641
---------------------------------------------------------------------------------
---------------------------------------------------------------------------------
Start Renaming Generated Nets
---------------------------------------------------------------------------------
---------------------------------------------------------------------------------
Finished Renaming Generated Nets : Time (s): cpu = 00:01:16 ; elapsed = 00:01:44 . Memory (MB): peak = 841.785 ; gain = 510.641
---------------------------------------------------------------------------------
---------------------------------------------------------------------------------
Start Writing Synthesis Report
---------------------------------------------------------------------------------

Report BlackBoxes: 
+-+--------------+----------+
| |BlackBox name |Instances |
+-+--------------+----------+
+-+--------------+----------+

Report Cell Usage: 
+------+-------+------+
|      |Cell   |Count |
+------+-------+------+
|1     |CARRY4 |    20|
|2     |LUT1   |     2|
|3     |LUT2   |    20|
|4     |LUT3   |     3|
|5     |LUT4   |    99|
|6     |LUT5   |    32|
|7     |LUT6   |    37|
|8     |FDRE   |   272|
+------+-------+------+

Report Instance Areas: 
+------+-----------------+---------+------+
|      |Instance         |Module   |Cells |
+------+-----------------+---------+------+
|1     |top              |         |   485|
|2     |  inst           |PWM_v2_0 |   485|
|3     |    PWM_AXI_inst |PWM_AXI  |   268|
+------+-----------------+---------+------+
---------------------------------------------------------------------------------
Finished Writing Synthesis Report : Time (s): cpu = 00:01:16 ; elapsed = 00:01:44 . Memory (MB): peak = 841.785 ; gain = 510.641
---------------------------------------------------------------------------------
Synthesis finished with 0 errors, 0 critical warnings and 9 warnings.
Synthesis Optimization Runtime : Time (s): cpu = 00:00:43 ; elapsed = 00:01:14 . Memory (MB): peak = 841.785 ; gain = 178.176
Synthesis Optimization Complete : Time (s): cpu = 00:01:16 ; elapsed = 00:01:44 . Memory (MB): peak = 841.785 ; gain = 510.641
INFO: [Project 1-571] Translating synthesized netlist
INFO: [Netlist 29-17] Analyzing 20 Unisim elements for replacement
INFO: [Netlist 29-28] Unisim Transformation completed in 0 CPU seconds
INFO: [Project 1-570] Preparing netlist for logic optimization
INFO: [Opt 31-138] Pushed 0 inverter(s) to 0 load pin(s).
INFO: [Project 1-111] Unisim Transformation Summary:
No Unisim elements were transformed.

INFO: [Common 17-83] Releasing license: Synthesis
59 Infos, 15 Warnings, 0 Critical Warnings and 0 Errors encountered.
synth_design completed successfully
synth_design: Time (s): cpu = 00:01:20 ; elapsed = 00:01:50 . Memory (MB): peak = 843.121 ; gain = 523.445
INFO: [Common 17-1381] The checkpoint 'D:/ECE532/full/light_detector_system/light_detector_system/light_detector_system.runs/design_1_PWM_0_0_synth_1/design_1_PWM_0_0.dcp' has been generated.
