
*** Running vivado
    with args -log design_1_ilmb_v10_0.vds -m64 -product Vivado -mode batch -messageDb vivado.pb -notrace -source design_1_ilmb_v10_0.tcl


****** Vivado v2017.4 (64-bit)
  **** SW Build 2086221 on Fri Dec 15 20:54:30 MST 2017
  **** IP Build 2085800 on Fri Dec 15 22:25:07 MST 2017
    ** Copyright 1986-2017 Xilinx, Inc. All Rights Reserved.

source design_1_ilmb_v10_0.tcl -notrace
Command: synth_design -top design_1_ilmb_v10_0 -part xc7a100tcsg324-1 -mode out_of_context
Starting synth_design
Attempting to get a license for feature 'Synthesis' and/or device 'xc7a100t'
INFO: [Common 17-349] Got license for feature 'Synthesis' and/or device 'xc7a100t'
INFO: Launching helper process for spawning children vivado processes
INFO: Helper process launched with PID 2923 
---------------------------------------------------------------------------------
Starting RTL Elaboration : Time (s): cpu = 00:00:10 ; elapsed = 00:00:10 . Memory (MB): peak = 1268.168 ; gain = 83.996 ; free physical = 3553 ; free virtual = 7759
---------------------------------------------------------------------------------
INFO: [Synth 8-638] synthesizing module 'design_1_ilmb_v10_0' [/home/fyyaz/ece532/light_detector_system_final_final/light_detector_system.srcs/sources_1/bd/design_1/ip/design_1_ilmb_v10_0/synth/design_1_ilmb_v10_0.vhd:89]
	Parameter C_LMB_NUM_SLAVES bound to: 1 - type: integer 
	Parameter C_LMB_DWIDTH bound to: 32 - type: integer 
	Parameter C_LMB_AWIDTH bound to: 32 - type: integer 
	Parameter C_EXT_RESET_HIGH bound to: 1 - type: integer 
INFO: [Synth 8-3491] module 'lmb_v10' declared at '/home/fyyaz/ece532/light_detector_system_final_final/light_detector_system.srcs/sources_1/bd/design_1/ipshared/78eb/hdl/lmb_v10_v3_0_vh_rfs.vhd:92' bound to instance 'U0' of component 'lmb_v10' [/home/fyyaz/ece532/light_detector_system_final_final/light_detector_system.srcs/sources_1/bd/design_1/ip/design_1_ilmb_v10_0/synth/design_1_ilmb_v10_0.vhd:164]
INFO: [Synth 8-638] synthesizing module 'lmb_v10' [/home/fyyaz/ece532/light_detector_system_final_final/light_detector_system.srcs/sources_1/bd/design_1/ipshared/78eb/hdl/lmb_v10_v3_0_vh_rfs.vhd:140]
	Parameter C_LMB_NUM_SLAVES bound to: 1 - type: integer 
	Parameter C_LMB_DWIDTH bound to: 32 - type: integer 
	Parameter C_LMB_AWIDTH bound to: 32 - type: integer 
	Parameter C_EXT_RESET_HIGH bound to: 1 - type: integer 
INFO: [Synth 8-3491] module 'FDS' declared at '/opt/Xilinx/Vivado/2017.4/scripts/rt/data/unisim_comp.v:4087' bound to instance 'POR_FF_I' of component 'FDS' [/home/fyyaz/ece532/light_detector_system_final_final/light_detector_system.srcs/sources_1/bd/design_1/ipshared/78eb/hdl/lmb_v10_v3_0_vh_rfs.vhd:169]
INFO: [Synth 8-638] synthesizing module 'FDS' [/opt/Xilinx/Vivado/2017.4/scripts/rt/data/unisim_comp.v:4087]
	Parameter INIT bound to: 1'b1 
INFO: [Synth 8-256] done synthesizing module 'FDS' (1#1) [/opt/Xilinx/Vivado/2017.4/scripts/rt/data/unisim_comp.v:4087]
INFO: [Synth 8-256] done synthesizing module 'lmb_v10' (2#1) [/home/fyyaz/ece532/light_detector_system_final_final/light_detector_system.srcs/sources_1/bd/design_1/ipshared/78eb/hdl/lmb_v10_v3_0_vh_rfs.vhd:140]
INFO: [Synth 8-256] done synthesizing module 'design_1_ilmb_v10_0' (3#1) [/home/fyyaz/ece532/light_detector_system_final_final/light_detector_system.srcs/sources_1/bd/design_1/ip/design_1_ilmb_v10_0/synth/design_1_ilmb_v10_0.vhd:89]
---------------------------------------------------------------------------------
Finished RTL Elaboration : Time (s): cpu = 00:00:11 ; elapsed = 00:00:12 . Memory (MB): peak = 1309.699 ; gain = 125.527 ; free physical = 3576 ; free virtual = 7783
---------------------------------------------------------------------------------

Report Check Netlist: 
+------+------------------+-------+---------+-------+------------------+
|      |Item              |Errors |Warnings |Status |Description       |
+------+------------------+-------+---------+-------+------------------+
|1     |multi_driven_nets |      0|        0|Passed |Multi driven nets |
+------+------------------+-------+---------+-------+------------------+
---------------------------------------------------------------------------------
Finished RTL Optimization Phase 1 : Time (s): cpu = 00:00:11 ; elapsed = 00:00:12 . Memory (MB): peak = 1309.699 ; gain = 125.527 ; free physical = 3575 ; free virtual = 7782
---------------------------------------------------------------------------------
INFO: [Netlist 29-17] Analyzing 1 Unisim elements for replacement
INFO: [Netlist 29-28] Unisim Transformation completed in 0 CPU seconds
INFO: [Device 21-403] Loading part xc7a100tcsg324-1
INFO: [Project 1-570] Preparing netlist for logic optimization

Processing XDC Constraints
Initializing timing engine
Parsing XDC File [/home/fyyaz/ece532/light_detector_system_final_final/light_detector_system.srcs/sources_1/bd/design_1/ip/design_1_ilmb_v10_0/design_1_ilmb_v10_0_ooc.xdc] for cell 'U0'
Finished Parsing XDC File [/home/fyyaz/ece532/light_detector_system_final_final/light_detector_system.srcs/sources_1/bd/design_1/ip/design_1_ilmb_v10_0/design_1_ilmb_v10_0_ooc.xdc] for cell 'U0'
Parsing XDC File [/home/fyyaz/ece532/light_detector_system_final_final/light_detector_system.srcs/sources_1/bd/design_1/ip/design_1_ilmb_v10_0/design_1_ilmb_v10_0.xdc] for cell 'U0'
Finished Parsing XDC File [/home/fyyaz/ece532/light_detector_system_final_final/light_detector_system.srcs/sources_1/bd/design_1/ip/design_1_ilmb_v10_0/design_1_ilmb_v10_0.xdc] for cell 'U0'
Parsing XDC File [/home/fyyaz/ece532/light_detector_system_final_final/light_detector_system.runs/design_1_ilmb_v10_0_synth_1/dont_touch.xdc]
Finished Parsing XDC File [/home/fyyaz/ece532/light_detector_system_final_final/light_detector_system.runs/design_1_ilmb_v10_0_synth_1/dont_touch.xdc]
Completed Processing XDC Constraints

INFO: [Project 1-111] Unisim Transformation Summary:
  A total of 1 instances were transformed.
  FDS => FDSE: 1 instances

Constraint Validation Runtime : Time (s): cpu = 00:00:00.01 ; elapsed = 00:00:00.01 . Memory (MB): peak = 1560.520 ; gain = 0.000 ; free physical = 3262 ; free virtual = 7469
---------------------------------------------------------------------------------
Finished Constraint Validation : Time (s): cpu = 00:00:29 ; elapsed = 00:00:44 . Memory (MB): peak = 1560.520 ; gain = 376.348 ; free physical = 3296 ; free virtual = 7503
---------------------------------------------------------------------------------
---------------------------------------------------------------------------------
Start Loading Part and Timing Information
---------------------------------------------------------------------------------
Loading part: xc7a100tcsg324-1
---------------------------------------------------------------------------------
Finished Loading Part and Timing Information : Time (s): cpu = 00:00:29 ; elapsed = 00:00:44 . Memory (MB): peak = 1560.520 ; gain = 376.348 ; free physical = 3296 ; free virtual = 7503
---------------------------------------------------------------------------------
---------------------------------------------------------------------------------
Start Applying 'set_property' XDC Constraints
---------------------------------------------------------------------------------
Applied set_property DONT_TOUCH = true for U0. (constraint file  /home/fyyaz/ece532/light_detector_system_final_final/light_detector_system.runs/design_1_ilmb_v10_0_synth_1/dont_touch.xdc, line 9).
---------------------------------------------------------------------------------
Finished applying 'set_property' XDC Constraints : Time (s): cpu = 00:00:29 ; elapsed = 00:00:44 . Memory (MB): peak = 1560.520 ; gain = 376.348 ; free physical = 3298 ; free virtual = 7505
---------------------------------------------------------------------------------
---------------------------------------------------------------------------------
Finished RTL Optimization Phase 2 : Time (s): cpu = 00:00:29 ; elapsed = 00:00:44 . Memory (MB): peak = 1560.520 ; gain = 376.348 ; free physical = 3296 ; free virtual = 7503
---------------------------------------------------------------------------------

Report RTL Partitions: 
+-+--------------+------------+----------+
| |RTL Partition |Replication |Instances |
+-+--------------+------------+----------+
+-+--------------+------------+----------+
---------------------------------------------------------------------------------
Start RTL Component Statistics 
---------------------------------------------------------------------------------
Detailed RTL Component Info : 
---------------------------------------------------------------------------------
Finished RTL Component Statistics 
---------------------------------------------------------------------------------
---------------------------------------------------------------------------------
Start RTL Hierarchical Component Statistics 
---------------------------------------------------------------------------------
Hierarchical RTL Component report 
---------------------------------------------------------------------------------
Finished RTL Hierarchical Component Statistics
---------------------------------------------------------------------------------
---------------------------------------------------------------------------------
Start Part Resource Summary
---------------------------------------------------------------------------------
Part Resources:
DSPs: 240 (col length:80)
BRAMs: 270 (col length: RAMB18 80 RAMB36 40)
---------------------------------------------------------------------------------
Finished Part Resource Summary
---------------------------------------------------------------------------------
---------------------------------------------------------------------------------
Start Cross Boundary and Area Optimization
---------------------------------------------------------------------------------
---------------------------------------------------------------------------------
Finished Cross Boundary and Area Optimization : Time (s): cpu = 00:00:29 ; elapsed = 00:00:44 . Memory (MB): peak = 1560.520 ; gain = 376.348 ; free physical = 3293 ; free virtual = 7501
---------------------------------------------------------------------------------

Report RTL Partitions: 
+-+--------------+------------+----------+
| |RTL Partition |Replication |Instances |
+-+--------------+------------+----------+
+-+--------------+------------+----------+
---------------------------------------------------------------------------------
Start Applying XDC Timing Constraints
---------------------------------------------------------------------------------
---------------------------------------------------------------------------------
Finished Applying XDC Timing Constraints : Time (s): cpu = 00:00:36 ; elapsed = 00:00:54 . Memory (MB): peak = 1592.520 ; gain = 408.348 ; free physical = 3128 ; free virtual = 7339
---------------------------------------------------------------------------------
---------------------------------------------------------------------------------
Start Timing Optimization
---------------------------------------------------------------------------------
---------------------------------------------------------------------------------
Finished Timing Optimization : Time (s): cpu = 00:00:36 ; elapsed = 00:00:54 . Memory (MB): peak = 1592.520 ; gain = 408.348 ; free physical = 3127 ; free virtual = 7339
---------------------------------------------------------------------------------

Report RTL Partitions: 
+-+--------------+------------+----------+
| |RTL Partition |Replication |Instances |
+-+--------------+------------+----------+
+-+--------------+------------+----------+
---------------------------------------------------------------------------------
Start Technology Mapping
---------------------------------------------------------------------------------
---------------------------------------------------------------------------------
Finished Technology Mapping : Time (s): cpu = 00:00:36 ; elapsed = 00:00:54 . Memory (MB): peak = 1602.535 ; gain = 418.363 ; free physical = 3125 ; free virtual = 7339
---------------------------------------------------------------------------------

Report RTL Partitions: 
+-+--------------+------------+----------+
| |RTL Partition |Replication |Instances |
+-+--------------+------------+----------+
+-+--------------+------------+----------+
---------------------------------------------------------------------------------
Start IO Insertion
---------------------------------------------------------------------------------
---------------------------------------------------------------------------------
Start Flattening Before IO Insertion
---------------------------------------------------------------------------------
---------------------------------------------------------------------------------
Finished Flattening Before IO Insertion
---------------------------------------------------------------------------------
---------------------------------------------------------------------------------
Start Final Netlist Cleanup
---------------------------------------------------------------------------------
---------------------------------------------------------------------------------
Finished Final Netlist Cleanup
---------------------------------------------------------------------------------
---------------------------------------------------------------------------------
Finished IO Insertion : Time (s): cpu = 00:00:37 ; elapsed = 00:00:55 . Memory (MB): peak = 1602.535 ; gain = 418.363 ; free physical = 3122 ; free virtual = 7333
---------------------------------------------------------------------------------

Report Check Netlist: 
+------+------------------+-------+---------+-------+------------------+
|      |Item              |Errors |Warnings |Status |Description       |
+------+------------------+-------+---------+-------+------------------+
|1     |multi_driven_nets |      0|        0|Passed |Multi driven nets |
+------+------------------+-------+---------+-------+------------------+
---------------------------------------------------------------------------------
Start Renaming Generated Instances
---------------------------------------------------------------------------------
---------------------------------------------------------------------------------
Finished Renaming Generated Instances : Time (s): cpu = 00:00:37 ; elapsed = 00:00:55 . Memory (MB): peak = 1602.535 ; gain = 418.363 ; free physical = 3122 ; free virtual = 7332
---------------------------------------------------------------------------------

Report RTL Partitions: 
+-+--------------+------------+----------+
| |RTL Partition |Replication |Instances |
+-+--------------+------------+----------+
+-+--------------+------------+----------+
---------------------------------------------------------------------------------
Start Rebuilding User Hierarchy
---------------------------------------------------------------------------------
---------------------------------------------------------------------------------
Finished Rebuilding User Hierarchy : Time (s): cpu = 00:00:37 ; elapsed = 00:00:55 . Memory (MB): peak = 1602.535 ; gain = 418.363 ; free physical = 3120 ; free virtual = 7330
---------------------------------------------------------------------------------
---------------------------------------------------------------------------------
Start Renaming Generated Ports
---------------------------------------------------------------------------------
---------------------------------------------------------------------------------
Finished Renaming Generated Ports : Time (s): cpu = 00:00:37 ; elapsed = 00:00:55 . Memory (MB): peak = 1602.535 ; gain = 418.363 ; free physical = 3119 ; free virtual = 7330
---------------------------------------------------------------------------------
---------------------------------------------------------------------------------
Start Handling Custom Attributes
---------------------------------------------------------------------------------
---------------------------------------------------------------------------------
Finished Handling Custom Attributes : Time (s): cpu = 00:00:37 ; elapsed = 00:00:55 . Memory (MB): peak = 1602.535 ; gain = 418.363 ; free physical = 3119 ; free virtual = 7329
---------------------------------------------------------------------------------
---------------------------------------------------------------------------------
Start Renaming Generated Nets
---------------------------------------------------------------------------------
---------------------------------------------------------------------------------
Finished Renaming Generated Nets : Time (s): cpu = 00:00:37 ; elapsed = 00:00:55 . Memory (MB): peak = 1602.535 ; gain = 418.363 ; free physical = 3118 ; free virtual = 7329
---------------------------------------------------------------------------------
---------------------------------------------------------------------------------
Start Writing Synthesis Report
---------------------------------------------------------------------------------

Report BlackBoxes: 
+-+--------------+----------+
| |BlackBox name |Instances |
+-+--------------+----------+
+-+--------------+----------+

Report Cell Usage: 
+------+-----+------+
|      |Cell |Count |
+------+-----+------+
|1     |FDS  |     1|
+------+-----+------+

Report Instance Areas: 
+------+---------+--------+------+
|      |Instance |Module  |Cells |
+------+---------+--------+------+
|1     |top      |        |     1|
|2     |  U0     |lmb_v10 |     1|
+------+---------+--------+------+
---------------------------------------------------------------------------------
Finished Writing Synthesis Report : Time (s): cpu = 00:00:37 ; elapsed = 00:00:55 . Memory (MB): peak = 1602.535 ; gain = 418.363 ; free physical = 3117 ; free virtual = 7328
---------------------------------------------------------------------------------
Synthesis finished with 0 errors, 0 critical warnings and 0 warnings.
Synthesis Optimization Runtime : Time (s): cpu = 00:00:28 ; elapsed = 00:00:33 . Memory (MB): peak = 1602.535 ; gain = 167.543 ; free physical = 3181 ; free virtual = 7392
Synthesis Optimization Complete : Time (s): cpu = 00:00:37 ; elapsed = 00:00:55 . Memory (MB): peak = 1602.543 ; gain = 418.363 ; free physical = 3181 ; free virtual = 7391
INFO: [Project 1-571] Translating synthesized netlist
INFO: [Netlist 29-17] Analyzing 1 Unisim elements for replacement
INFO: [Netlist 29-28] Unisim Transformation completed in 0 CPU seconds
INFO: [Project 1-570] Preparing netlist for logic optimization
INFO: [Opt 31-138] Pushed 0 inverter(s) to 0 load pin(s).
INFO: [Project 1-111] Unisim Transformation Summary:
  A total of 1 instances were transformed.
  FDS => FDSE: 1 instances

INFO: [Common 17-83] Releasing license: Synthesis
21 Infos, 0 Warnings, 0 Critical Warnings and 0 Errors encountered.
synth_design completed successfully
synth_design: Time (s): cpu = 00:00:39 ; elapsed = 00:00:56 . Memory (MB): peak = 1609.535 ; gain = 438.738 ; free physical = 3709 ; free virtual = 7921
INFO: [Common 17-1381] The checkpoint '/home/fyyaz/ece532/light_detector_system_final_final/light_detector_system.runs/design_1_ilmb_v10_0_synth_1/design_1_ilmb_v10_0.dcp' has been generated.
INFO: [Coretcl 2-1482] Added synthesis output to IP cache for IP /home/fyyaz/ece532/light_detector_system_final_final/light_detector_system.srcs/sources_1/bd/design_1/ip/design_1_ilmb_v10_0/design_1_ilmb_v10_0.xci
INFO: [Common 17-1381] The checkpoint '/home/fyyaz/ece532/light_detector_system_final_final/light_detector_system.runs/design_1_ilmb_v10_0_synth_1/design_1_ilmb_v10_0.dcp' has been generated.
INFO: [runtcl-4] Executing : report_utilization -file design_1_ilmb_v10_0_utilization_synth.rpt -pb design_1_ilmb_v10_0_utilization_synth.pb
report_utilization: Time (s): cpu = 00:00:00.10 ; elapsed = 00:00:00.14 . Memory (MB): peak = 1613.535 ; gain = 0.000 ; free physical = 3699 ; free virtual = 7912
INFO: [Common 17-206] Exiting Vivado at Wed Mar 27 19:41:05 2019...
