#-----------------------------------------------------------
# Webtalk v2017.4 (64-bit)
# SW Build 2086221 on Fri Dec 15 20:54:30 MST 2017
# 
# Start of session at: Wed Mar  6 22:01:29 2019
# Process ID: 14307
# Current directory: /home/fyyaz/ece532/light_detector_system/light_detector_system.sdk/webtalk
# Command line: wbtcv -mode batch -source sdk_webtalk.tcl
# Log file: /home/fyyaz/ece532/light_detector_system/light_detector_system.sdk/webtalk/webtalk.log
# Journal file: /home/fyyaz/ece532/light_detector_system/light_detector_system.sdk/webtalk/webtalk.jou
#-----------------------------------------------------------
source sdk_webtalk.tcl
# webtalk_init -webtalk_dir /home/fyyaz/ece532/light_detector_system/light_detector_system.sdk/webtalk
# webtalk_register_client -client project
# webtalk_add_data -client project -key date_generated -value "2019-03-06 22:01:28" -context "software_version_and_target_device"
# webtalk_add_data -client project -key product_version -value "SDK v2017.4" -context "software_version_and_target_device"
# webtalk_add_data -client project -key build_version -value "2017.4" -context "software_version_and_target_device"
# webtalk_add_data -client project -key os_platform -value "amd64" -context "software_version_and_target_device"
# webtalk_add_data -client project -key registration_id -value "174112640_179741397_210684524_908" -context "software_version_and_target_device"
# webtalk_add_data -client project -key tool_flow -value "SDK" -context "software_version_and_target_device"
# webtalk_add_data -client project -key beta -value "false" -context "software_version_and_target_device"
# webtalk_add_data -client project -key route_design -value "NA" -context "software_version_and_target_device"
# webtalk_add_data -client project -key target_family -value "NA" -context "software_version_and_target_device"
# webtalk_add_data -client project -key target_device -value "NA" -context "software_version_and_target_device"
# webtalk_add_data -client project -key target_package -value "NA" -context "software_version_and_target_device"
# webtalk_add_data -client project -key target_speed -value "NA" -context "software_version_and_target_device"
# webtalk_add_data -client project -key random_id -value "5hfuhbncng8m4ekmc00sr1hdit" -context "software_version_and_target_device"
# webtalk_add_data -client project -key project_id -value "2017.4_5" -context "software_version_and_target_device"
# webtalk_add_data -client project -key project_iteration -value "5" -context "software_version_and_target_device"
# webtalk_add_data -client project -key os_name -value "Ubuntu" -context "user_environment"
# webtalk_add_data -client project -key os_release -value "Ubuntu 18.04.1 LTS" -context "user_environment"
# webtalk_add_data -client project -key cpu_name -value "Intel(R) Core(TM) i7-4770HQ CPU @ 2.20GHz" -context "user_environment"
# webtalk_add_data -client project -key cpu_speed -value "2194.918 MHz" -context "user_environment"
# webtalk_add_data -client project -key total_processors -value "1" -context "user_environment"
# webtalk_add_data -client project -key system_ram -value "9.668 GB" -context "user_environment"
# webtalk_register_client -client sdk
# webtalk_add_data -client sdk -key uid -value "1551926102000" -context "sdk\\\\bsp/1551926102000"
# webtalk_add_data -client sdk -key hwid -value "1551921746000" -context "sdk\\\\bsp/1551926102000"
# webtalk_add_data -client sdk -key os -value "standalone" -context "sdk\\\\bsp/1551926102000"
# webtalk_add_data -client sdk -key apptemplate -value "hello_world" -context "sdk\\\\bsp/1551926102000"
# webtalk_add_data -client sdk -key RecordType -value "BSPCreation" -context "sdk\\\\bsp/1551926102000"
# webtalk_add_data -client sdk -key uid -value "1551926104000" -context "sdk\\\\application/1551926104000"
# webtalk_add_data -client sdk -key hwid -value "1551921746000" -context "sdk\\\\application/1551926104000"
# webtalk_add_data -client sdk -key bspid -value "1551926102000" -context "sdk\\\\application/1551926104000"
# webtalk_add_data -client sdk -key newbsp -value "true" -context "sdk\\\\application/1551926104000"
# webtalk_add_data -client sdk -key os -value "standalone" -context "sdk\\\\application/1551926104000"
# webtalk_add_data -client sdk -key apptemplate -value "hello_world" -context "sdk\\\\application/1551926104000"
# webtalk_add_data -client sdk -key RecordType -value "APPCreation" -context "sdk\\\\application/1551926104000"
# webtalk_add_data -client sdk -key LangUsed -value "C" -context "sdk\\\\application/1551926104000"
# webtalk_add_data -client sdk -key Procused -value "microblaze" -context "sdk\\\\application/1551926104000"
# webtalk_add_data -client sdk -key uid -value "NA" -context "sdk\\\\bsp/1551927688523"
# webtalk_add_data -client sdk -key RecordType -value "ToolUsage" -context "sdk\\\\bsp/1551927688523"
# webtalk_add_data -client sdk -key BootgenCount -value "0" -context "sdk\\\\bsp/1551927688523"
# webtalk_add_data -client sdk -key DebugCount -value "0" -context "sdk\\\\bsp/1551927688523"
# webtalk_add_data -client sdk -key PerfCount -value "0" -context "sdk\\\\bsp/1551927688523"
# webtalk_add_data -client sdk -key FlashCount -value "0" -context "sdk\\\\bsp/1551927688523"
# webtalk_add_data -client sdk -key CrossTriggCount -value "0" -context "sdk\\\\bsp/1551927688523"
# webtalk_add_data -client sdk -key QemuDebugCount -value "0" -context "sdk\\\\bsp/1551927688523"
# webtalk_transmit -clientid 1506026338 -regid "174112640_179741397_210684524_908" -xml /home/fyyaz/ece532/light_detector_system/light_detector_system.sdk/webtalk/usage_statistics_ext_sdk.xml -html /home/fyyaz/ece532/light_detector_system/light_detector_system.sdk/webtalk/usage_statistics_ext_sdk.html -wdm /home/fyyaz/ece532/light_detector_system/light_detector_system.sdk/webtalk/sdk_webtalk.wdm -intro "<H3>SDK Usage Report</H3><BR>"
# webtalk_terminate
INFO: [Common 17-206] Exiting Webtalk at Wed Mar  6 22:01:29 2019...
