#-----------------------------------------------------------
# Webtalk v2017.4 (64-bit)
# SW Build 2086221 on Fri Dec 15 20:55:39 MST 2017
# 
# Start of session at: Wed Mar 20 19:11:38 2019
# Process ID: 1980
# Current directory: D:/ECE532/full/light_detector_system/light_detector_system/light_detector_system.sdk/webtalk
# Command line: wbtcv.exe -mode batch -source sdk_webtalk.tcl
# Log file: D:/ECE532/full/light_detector_system/light_detector_system/light_detector_system.sdk/webtalk/webtalk.log
# Journal file: D:/ECE532/full/light_detector_system/light_detector_system/light_detector_system.sdk/webtalk\webtalk.jou
#-----------------------------------------------------------
source sdk_webtalk.tcl
# webtalk_init -webtalk_dir D:\\ECE532\\full\\light_detector_system\\light_detector_system\\light_detector_system.sdk\\webtalk
# webtalk_register_client -client project
# webtalk_add_data -client project -key date_generated -value "2019-03-20 19:11:35" -context "software_version_and_target_device"
# webtalk_add_data -client project -key product_version -value "SDK v2017.4" -context "software_version_and_target_device"
# webtalk_add_data -client project -key build_version -value "2017.4" -context "software_version_and_target_device"
# webtalk_add_data -client project -key os_platform -value "amd64" -context "software_version_and_target_device"
# webtalk_add_data -client project -key registration_id -value "174112640_179741397_210684524_908" -context "software_version_and_target_device"
# webtalk_add_data -client project -key tool_flow -value "SDK" -context "software_version_and_target_device"
# webtalk_add_data -client project -key beta -value "false" -context "software_version_and_target_device"
# webtalk_add_data -client project -key route_design -value "NA" -context "software_version_and_target_device"
# webtalk_add_data -client project -key target_family -value "NA" -context "software_version_and_target_device"
# webtalk_add_data -client project -key target_device -value "NA" -context "software_version_and_target_device"
# webtalk_add_data -client project -key target_package -value "NA" -context "software_version_and_target_device"
# webtalk_add_data -client project -key target_speed -value "NA" -context "software_version_and_target_device"
# webtalk_add_data -client project -key random_id -value "h5d560fqq24vg1pc3entgee6kj" -context "software_version_and_target_device"
# webtalk_add_data -client project -key project_id -value "2017.4_2" -context "software_version_and_target_device"
# webtalk_add_data -client project -key project_iteration -value "2" -context "software_version_and_target_device"
# webtalk_add_data -client project -key os_name -value "Microsoft Windows 8 or later , 64-bit" -context "user_environment"
# webtalk_add_data -client project -key os_release -value "major release  (build 9200)" -context "user_environment"
# webtalk_add_data -client project -key cpu_name -value "Intel(R) Core(TM) i5-5200U CPU @ 2.20GHz" -context "user_environment"
# webtalk_add_data -client project -key cpu_speed -value "2195 MHz" -context "user_environment"
# webtalk_add_data -client project -key total_processors -value "1" -context "user_environment"
# webtalk_add_data -client project -key system_ram -value "8.490 GB" -context "user_environment"
# webtalk_register_client -client sdk
# webtalk_add_data -client sdk -key uid -value "1553122346950" -context "sdk\\\\bsp/1553122346950"
# webtalk_add_data -client sdk -key hwid -value "1553106944291" -context "sdk\\\\bsp/1553122346950"
# webtalk_add_data -client sdk -key os -value "standalone" -context "sdk\\\\bsp/1553122346950"
# webtalk_add_data -client sdk -key apptemplate -value "null" -context "sdk\\\\bsp/1553122346950"
# webtalk_add_data -client sdk -key RecordType -value "BSPCreation" -context "sdk\\\\bsp/1553122346950"
# webtalk_add_data -client sdk -key uid -value "NA" -context "sdk\\\\bsp/1553123494883"
# webtalk_add_data -client sdk -key RecordType -value "ToolUsage" -context "sdk\\\\bsp/1553123494883"
# webtalk_add_data -client sdk -key BootgenCount -value "0" -context "sdk\\\\bsp/1553123494883"
# webtalk_add_data -client sdk -key DebugCount -value "0" -context "sdk\\\\bsp/1553123494883"
# webtalk_add_data -client sdk -key PerfCount -value "0" -context "sdk\\\\bsp/1553123494883"
# webtalk_add_data -client sdk -key FlashCount -value "0" -context "sdk\\\\bsp/1553123494883"
# webtalk_add_data -client sdk -key CrossTriggCount -value "0" -context "sdk\\\\bsp/1553123494883"
# webtalk_add_data -client sdk -key QemuDebugCount -value "0" -context "sdk\\\\bsp/1553123494883"
# webtalk_transmit -clientid 141944098 -regid "174112640_179741397_210684524_908" -xml D:\\ECE532\\full\\light_detector_system\\light_detector_system\\light_detector_system.sdk\\webtalk\\usage_statistics_ext_sdk.xml -html D:\\ECE532\\full\\light_detector_system\\light_detector_system\\light_detector_system.sdk\\webtalk\\usage_statistics_ext_sdk.html -wdm D:\\ECE532\\full\\light_detector_system\\light_detector_system\\light_detector_system.sdk\\webtalk\\sdk_webtalk.wdm -intro "<H3>SDK Usage Report</H3><BR>"
# webtalk_terminate
INFO: [Common 17-206] Exiting Webtalk at Wed Mar 20 19:11:43 2019...
