17:53:00 **** Auto Build of project standalone_bsp_2 ****
make -k all 
"Running Make include in microblaze_0/libsrc/bram_v4_2/src"
D:/Programs/Xilinx/SDK/2017.4/gnuwin/bin/make -C microblaze_0/libsrc/bram_v4_2/src -s include  "SHELL=CMD" "COMPILER=mb-gcc" "ARCHIVER=mb-ar" "COMPILER_FLAGS= -O2 -c -mcpu=v10.0 -mlittle-endian -mno-xl-soft-div -mxl-barrel-shift -mxl-soft-mul" "EXTRA_COMPILER_FLAGS=-ffunction-sections -fdata-sections -Wall -Wextra"
"Running Make include in microblaze_0/libsrc/cpu_v2_6/src"
D:/Programs/Xilinx/SDK/2017.4/gnuwin/bin/make -C microblaze_0/libsrc/cpu_v2_6/src -s include  "SHELL=CMD" "COMPILER=mb-gcc" "ARCHIVER=mb-ar" "COMPILER_FLAGS= -O2 -c -mcpu=v10.0 -mlittle-endian -mno-xl-soft-div -mxl-barrel-shift -mxl-soft-mul" "EXTRA_COMPILER_FLAGS=-ffunction-sections -fdata-sections -Wall -Wextra"
"Running Make include in microblaze_0/libsrc/gpio_v4_3/src"
D:/Programs/Xilinx/SDK/2017.4/gnuwin/bin/make -C microblaze_0/libsrc/gpio_v4_3/src -s include  "SHELL=CMD" "COMPILER=mb-gcc" "ARCHIVER=mb-ar" "COMPILER_FLAGS= -O2 -c -mcpu=v10.0 -mlittle-endian -mno-xl-soft-div -mxl-barrel-shift -mxl-soft-mul" "EXTRA_COMPILER_FLAGS=-ffunction-sections -fdata-sections -Wall -Wextra"
"Running Make include in microblaze_0/libsrc/intc_v3_7/src"
D:/Programs/Xilinx/SDK/2017.4/gnuwin/bin/make -C microblaze_0/libsrc/intc_v3_7/src -s include  "SHELL=CMD" "COMPILER=mb-gcc" "ARCHIVER=mb-ar" "COMPILER_FLAGS= -O2 -c -mcpu=v10.0 -mlittle-endian -mno-xl-soft-div -mxl-barrel-shift -mxl-soft-mul" "EXTRA_COMPILER_FLAGS=-ffunction-sections -fdata-sections -Wall -Wextra"
"Running Make include in microblaze_0/libsrc/light_detect_v1_0/src"
D:/Programs/Xilinx/SDK/2017.4/gnuwin/bin/make -C microblaze_0/libsrc/light_detect_v1_0/src -s include  "SHELL=CMD" "COMPILER=mb-gcc" "ARCHIVER=mb-ar" "COMPILER_FLAGS= -O2 -c -mcpu=v10.0 -mlittle-endian -mno-xl-soft-div -mxl-barrel-shift -mxl-soft-mul" "EXTRA_COMPILER_FLAGS=-ffunction-sections -fdata-sections -Wall -Wextra"
"Running Make include in microblaze_0/libsrc/PmodMAXSONAR_v1_0/src"
D:/Programs/Xilinx/SDK/2017.4/gnuwin/bin/make -C microblaze_0/libsrc/PmodMAXSONAR_v1_0/src -s include  "SHELL=CMD" "COMPILER=mb-gcc" "ARCHIVER=mb-ar" "COMPILER_FLAGS= -O2 -c -mcpu=v10.0 -mlittle-endian -mno-xl-soft-div -mxl-barrel-shift -mxl-soft-mul" "EXTRA_COMPILER_FLAGS=-ffunction-sections -fdata-sections -Wall -Wextra"
"Running Make include in microblaze_0/libsrc/PWM_v1_0/src"
D:/Programs/Xilinx/SDK/2017.4/gnuwin/bin/make -C microblaze_0/libsrc/PWM_v1_0/src -s include  "SHELL=CMD" "COMPILER=mb-gcc" "ARCHIVER=mb-ar" "COMPILER_FLAGS= -O2 -c -mcpu=v10.0 -mlittle-endian -mno-xl-soft-div -mxl-barrel-shift -mxl-soft-mul" "EXTRA_COMPILER_FLAGS=-ffunction-sections -fdata-sections -Wall -Wextra"
"Running Make include in microblaze_0/libsrc/range_detector_ip_v1_0/src"
D:/Programs/Xilinx/SDK/2017.4/gnuwin/bin/make -C microblaze_0/libsrc/range_detector_ip_v1_0/src -s include  "SHELL=CMD" "COMPILER=mb-gcc" "ARCHIVER=mb-ar" "COMPILER_FLAGS= -O2 -c -mcpu=v10.0 -mlittle-endian -mno-xl-soft-div -mxl-barrel-shift -mxl-soft-mul" "EXTRA_COMPILER_FLAGS=-ffunction-sections -fdata-sections -Wall -Wextra"
"Running Make include in microblaze_0/libsrc/standalone_v6_5/src"
D:/Programs/Xilinx/SDK/2017.4/gnuwin/bin/make -C microblaze_0/libsrc/standalone_v6_5/src -s include  "SHELL=CMD" "COMPILER=mb-gcc" "ARCHIVER=mb-ar" "COMPILER_FLAGS= -O2 -c -mcpu=v10.0 -mlittle-endian -mno-xl-soft-div -mxl-barrel-shift -mxl-soft-mul" "EXTRA_COMPILER_FLAGS=-ffunction-sections -fdata-sections -Wall -Wextra"
"Running Make include in microblaze_0/libsrc/uartlite_v3_2/src"
D:/Programs/Xilinx/SDK/2017.4/gnuwin/bin/make -C microblaze_0/libsrc/uartlite_v3_2/src -s include  "SHELL=CMD" "COMPILER=mb-gcc" "ARCHIVER=mb-ar" "COMPILER_FLAGS= -O2 -c -mcpu=v10.0 -mlittle-endian -mno-xl-soft-div -mxl-barrel-shift -mxl-soft-mul" "EXTRA_COMPILER_FLAGS=-ffunction-sections -fdata-sections -Wall -Wextra"
"Running Make libs in microblaze_0/libsrc/bram_v4_2/src"
D:/Programs/Xilinx/SDK/2017.4/gnuwin/bin/make -C microblaze_0/libsrc/bram_v4_2/src -s libs  "SHELL=CMD" "COMPILER=mb-gcc" "ARCHIVER=mb-ar" "COMPILER_FLAGS= -O2 -c -mcpu=v10.0 -mlittle-endian -mno-xl-soft-div -mxl-barrel-shift -mxl-soft-mul" "EXTRA_COMPILER_FLAGS=-ffunction-sections -fdata-sections -Wall -Wextra"
"Compiling bram"
mb-ar: creating ../../../lib/libxil.a
"Running Make libs in microblaze_0/libsrc/cpu_v2_6/src"
D:/Programs/Xilinx/SDK/2017.4/gnuwin/bin/make -C microblaze_0/libsrc/cpu_v2_6/src -s libs  "SHELL=CMD" "COMPILER=mb-gcc" "ARCHIVER=mb-ar" "COMPILER_FLAGS= -O2 -c -mcpu=v10.0 -mlittle-endian -mno-xl-soft-div -mxl-barrel-shift -mxl-soft-mul" "EXTRA_COMPILER_FLAGS=-ffunction-sections -fdata-sections -Wall -Wextra"
"Compiling cpu"
"Running Make libs in microblaze_0/libsrc/gpio_v4_3/src"
D:/Programs/Xilinx/SDK/2017.4/gnuwin/bin/make -C microblaze_0/libsrc/gpio_v4_3/src -s libs  "SHELL=CMD" "COMPILER=mb-gcc" "ARCHIVER=mb-ar" "COMPILER_FLAGS= -O2 -c -mcpu=v10.0 -mlittle-endian -mno-xl-soft-div -mxl-barrel-shift -mxl-soft-mul" "EXTRA_COMPILER_FLAGS=-ffunction-sections -fdata-sections -Wall -Wextra"
"Compiling gpio"
"Running Make libs in microblaze_0/libsrc/intc_v3_7/src"
D:/Programs/Xilinx/SDK/2017.4/gnuwin/bin/make -C microblaze_0/libsrc/intc_v3_7/src -s libs  "SHELL=CMD" "COMPILER=mb-gcc" "ARCHIVER=mb-ar" "COMPILER_FLAGS= -O2 -c -mcpu=v10.0 -mlittle-endian -mno-xl-soft-div -mxl-barrel-shift -mxl-soft-mul" "EXTRA_COMPILER_FLAGS=-ffunction-sections -fdata-sections -Wall -Wextra"
"Compiling intc"
"Running Make libs in microblaze_0/libsrc/light_detect_v1_0/src"
D:/Programs/Xilinx/SDK/2017.4/gnuwin/bin/make -C microblaze_0/libsrc/light_detect_v1_0/src -s libs  "SHELL=CMD" "COMPILER=mb-gcc" "ARCHIVER=mb-ar" "COMPILER_FLAGS= -O2 -c -mcpu=v10.0 -mlittle-endian -mno-xl-soft-div -mxl-barrel-shift -mxl-soft-mul" "EXTRA_COMPILER_FLAGS=-ffunction-sections -fdata-sections -Wall -Wextra"
"Compiling light_detect..."
light_detect_selftest.c: In function 'LIGHT_DETECT_Reg_SelfTest':
light_detect_selftest.c:52:61: warning: comparison between signed and unsigned integer expressions [-Wsign-compare]
    if ( LIGHT_DETECT_mReadReg (baseaddr, read_loop_index*4) != (read_loop_index+1)*READ_WRITE_MUL_FACTOR){
                                                             ^~
light_detect_selftest.c:36:6: warning: unused variable 'Index' [-Wunused-variable]
  int Index;
      ^~~~~
"Running Make libs in microblaze_0/libsrc/PmodMAXSONAR_v1_0/src"
D:/Programs/Xilinx/SDK/2017.4/gnuwin/bin/make -C microblaze_0/libsrc/PmodMAXSONAR_v1_0/src -s libs  "SHELL=CMD" "COMPILER=mb-gcc" "ARCHIVER=mb-ar" "COMPILER_FLAGS= -O2 -c -mcpu=v10.0 -mlittle-endian -mno-xl-soft-div -mxl-barrel-shift -mxl-soft-mul" "EXTRA_COMPILER_FLAGS=-ffunction-sections -fdata-sections -Wall -Wextra"
"Compiling PmodMAXSONAR..."
"Running Make libs in microblaze_0/libsrc/PWM_v1_0/src"
D:/Programs/Xilinx/SDK/2017.4/gnuwin/bin/make -C microblaze_0/libsrc/PWM_v1_0/src -s libs  "SHELL=CMD" "COMPILER=mb-gcc" "ARCHIVER=mb-ar" "COMPILER_FLAGS= -O2 -c -mcpu=v10.0 -mlittle-endian -mno-xl-soft-div -mxl-barrel-shift -mxl-soft-mul" "EXTRA_COMPILER_FLAGS=-ffunction-sections -fdata-sections -Wall -Wextra"
"Compiling PWM..."
PWM_selftest.c: In function 'PWM_Reg_SelfTest':
PWM_selftest.c:52:52: warning: comparison between signed and unsigned integer expressions [-Wsign-compare]
    if ( PWM_mReadReg (baseaddr, read_loop_index*4) != (read_loop_index+1)*READ_WRITE_MUL_FACTOR){
                                                    ^~
PWM_selftest.c:36:6: warning: unused variable 'Index' [-Wunused-variable]
  int Index;
      ^~~~~
"Running Make libs in microblaze_0/libsrc/range_detector_ip_v1_0/src"
D:/Programs/Xilinx/SDK/2017.4/gnuwin/bin/make -C microblaze_0/libsrc/range_detector_ip_v1_0/src -s libs  "SHELL=CMD" "COMPILER=mb-gcc" "ARCHIVER=mb-ar" "COMPILER_FLAGS= -O2 -c -mcpu=v10.0 -mlittle-endian -mno-xl-soft-div -mxl-barrel-shift -mxl-soft-mul" "EXTRA_COMPILER_FLAGS=-ffunction-sections -fdata-sections -Wall -Wextra"
"Compiling range_detector_ip..."
range_detector_ip_selftest.c: In function 'RANGE_DETECTOR_IP_Reg_SelfTest':
range_detector_ip_selftest.c:52:66: warning: comparison between signed and unsigned integer expressions [-Wsign-compare]
    if ( RANGE_DETECTOR_IP_mReadReg (baseaddr, read_loop_index*4) != (read_loop_index+1)*READ_WRITE_MUL_FACTOR){
                                                                  ^~
range_detector_ip_selftest.c:36:6: warning: unused variable 'Index' [-Wunused-variable]
  int Index;
      ^~~~~
"Running Make libs in microblaze_0/libsrc/standalone_v6_5/src"
D:/Programs/Xilinx/SDK/2017.4/gnuwin/bin/make -C microblaze_0/libsrc/standalone_v6_5/src -s libs  "SHELL=CMD" "COMPILER=mb-gcc" "ARCHIVER=mb-ar" "COMPILER_FLAGS= -O2 -c -mcpu=v10.0 -mlittle-endian -mno-xl-soft-div -mxl-barrel-shift -mxl-soft-mul" "EXTRA_COMPILER_FLAGS=-ffunction-sections -fdata-sections -Wall -Wextra"
"Compiling standalone";
"Running Make libs in microblaze_0/libsrc/uartlite_v3_2/src"
D:/Programs/Xilinx/SDK/2017.4/gnuwin/bin/make -C microblaze_0/libsrc/uartlite_v3_2/src -s libs  "SHELL=CMD" "COMPILER=mb-gcc" "ARCHIVER=mb-ar" "COMPILER_FLAGS= -O2 -c -mcpu=v10.0 -mlittle-endian -mno-xl-soft-div -mxl-barrel-shift -mxl-soft-mul" "EXTRA_COMPILER_FLAGS=-ffunction-sections -fdata-sections -Wall -Wextra"
"Compiling uartlite"
'Finished building libraries'

17:53:20 Build Finished (took 19s.868ms)

