#-----------------------------------------------------------
# Webtalk v2017.4 (64-bit)
# SW Build 2086221 on Fri Dec 15 20:55:39 MST 2017
# 
# Start of session at: Wed Mar 20 15:36:13 2019
# Process ID: 14340
# Current directory: D:/ECE532/full/light_detector_system/light_detector_system/light_detector_system.sdk/webtalk
# Command line: wbtcv.exe -mode batch -source sdk_webtalk.tcl
# Log file: D:/ECE532/full/light_detector_system/light_detector_system/light_detector_system.sdk/webtalk/webtalk.log
# Journal file: D:/ECE532/full/light_detector_system/light_detector_system/light_detector_system.sdk/webtalk\webtalk.jou
#-----------------------------------------------------------
source sdk_webtalk.tcl
# webtalk_init -webtalk_dir D:\\ECE532\\full\\light_detector_system\\light_detector_system\\light_detector_system.sdk\\webtalk
# webtalk_register_client -client project
# webtalk_add_data -client project -key date_generated -value "2019-03-20 15:36:09" -context "software_version_and_target_device"
# webtalk_add_data -client project -key product_version -value "SDK v2017.4" -context "software_version_and_target_device"
# webtalk_add_data -client project -key build_version -value "2017.4" -context "software_version_and_target_device"
# webtalk_add_data -client project -key os_platform -value "amd64" -context "software_version_and_target_device"
# webtalk_add_data -client project -key registration_id -value "174112640_179741397_210684524_908" -context "software_version_and_target_device"
# webtalk_add_data -client project -key tool_flow -value "SDK" -context "software_version_and_target_device"
# webtalk_add_data -client project -key beta -value "false" -context "software_version_and_target_device"
# webtalk_add_data -client project -key route_design -value "NA" -context "software_version_and_target_device"
# webtalk_add_data -client project -key target_family -value "NA" -context "software_version_and_target_device"
# webtalk_add_data -client project -key target_device -value "NA" -context "software_version_and_target_device"
# webtalk_add_data -client project -key target_package -value "NA" -context "software_version_and_target_device"
# webtalk_add_data -client project -key target_speed -value "NA" -context "software_version_and_target_device"
# webtalk_add_data -client project -key random_id -value "7i768qgsrh69lv5b11n4jfc058" -context "software_version_and_target_device"
# webtalk_add_data -client project -key project_id -value "2017.4_1" -context "software_version_and_target_device"
# webtalk_add_data -client project -key project_iteration -value "1" -context "software_version_and_target_device"
# webtalk_add_data -client project -key os_name -value "Microsoft Windows 8 or later , 64-bit" -context "user_environment"
# webtalk_add_data -client project -key os_release -value "major release  (build 9200)" -context "user_environment"
# webtalk_add_data -client project -key cpu_name -value "Intel(R) Core(TM) i5-5200U CPU @ 2.20GHz" -context "user_environment"
# webtalk_add_data -client project -key cpu_speed -value "2195 MHz" -context "user_environment"
# webtalk_add_data -client project -key total_processors -value "1" -context "user_environment"
# webtalk_add_data -client project -key system_ram -value "8.490 GB" -context "user_environment"
# webtalk_register_client -client sdk
# webtalk_add_data -client sdk -key uid -value "1553106944291" -context "sdk\\\\hardware/1553106944291"
# webtalk_add_data -client sdk -key isZynq -value "false" -context "sdk\\\\hardware/1553106944291"
# webtalk_add_data -client sdk -key isZynqMP -value "false" -context "sdk\\\\hardware/1553106944291"
# webtalk_add_data -client sdk -key Processors -value "1" -context "sdk\\\\hardware/1553106944291"
# webtalk_add_data -client sdk -key VivadoVersion -value "2017.4" -context "sdk\\\\hardware/1553106944291"
# webtalk_add_data -client sdk -key Arch -value "artix7" -context "sdk\\\\hardware/1553106944291"
# webtalk_add_data -client sdk -key Device -value "7a100t" -context "sdk\\\\hardware/1553106944291"
# webtalk_add_data -client sdk -key IsHandoff -value "true" -context "sdk\\\\hardware/1553106944291"
# webtalk_add_data -client sdk -key os -value "NA" -context "sdk\\\\hardware/1553106944291"
# webtalk_add_data -client sdk -key apptemplate -value "NA" -context "sdk\\\\hardware/1553106944291"
# webtalk_add_data -client sdk -key RecordType -value "HWCreation" -context "sdk\\\\hardware/1553106944291"
# webtalk_add_data -client sdk -key uid -value "NA" -context "sdk\\\\bsp/1553110569319"
# webtalk_add_data -client sdk -key RecordType -value "ToolUsage" -context "sdk\\\\bsp/1553110569319"
# webtalk_add_data -client sdk -key BootgenCount -value "0" -context "sdk\\\\bsp/1553110569319"
# webtalk_add_data -client sdk -key DebugCount -value "0" -context "sdk\\\\bsp/1553110569319"
# webtalk_add_data -client sdk -key PerfCount -value "0" -context "sdk\\\\bsp/1553110569319"
# webtalk_add_data -client sdk -key FlashCount -value "0" -context "sdk\\\\bsp/1553110569319"
# webtalk_add_data -client sdk -key CrossTriggCount -value "0" -context "sdk\\\\bsp/1553110569319"
# webtalk_add_data -client sdk -key QemuDebugCount -value "0" -context "sdk\\\\bsp/1553110569319"
# webtalk_transmit -clientid 2250582660 -regid "174112640_179741397_210684524_908" -xml D:\\ECE532\\full\\light_detector_system\\light_detector_system\\light_detector_system.sdk\\webtalk\\usage_statistics_ext_sdk.xml -html D:\\ECE532\\full\\light_detector_system\\light_detector_system\\light_detector_system.sdk\\webtalk\\usage_statistics_ext_sdk.html -wdm D:\\ECE532\\full\\light_detector_system\\light_detector_system\\light_detector_system.sdk\\webtalk\\sdk_webtalk.wdm -intro "<H3>SDK Usage Report</H3><BR>"
# webtalk_terminate
INFO: [Common 17-206] Exiting Webtalk at Wed Mar 20 15:36:17 2019...
